# JRE version: OpenJDK Runtime Environment (8.0_191-b12) (build 1.8.0_191-8u191-b12-2ubuntu0.16.04.1-b12)
# Java VM: OpenJDK 64-Bit Server VM (25.191-b12 mixed mode linux-amd64 compressed oops)
Heap:
 PSYoungGen      total 139264K, used 67767K [0x000000076cb80000, 0x0000000776500000, 0x00000007c0000000)
  eden space 125440K, 54% used [0x000000076cb80000,0x0000000770dadf80,0x0000000774600000)
  from space 13824K, 0% used [0x0000000775780000,0x0000000775780000,0x0000000776500000)
  to   space 15872K, 10% used [0x0000000774600000,0x00000007747b0010,0x0000000775580000)
 ParOldGen       total 182784K, used 19423K [0x00000006c6200000, 0x00000006d1480000, 0x000000076cb80000)
  object space 182784K, 10% used [0x00000006c6200000,0x00000006c74f7f00,0x00000006d1480000)
 Metaspace       used 39211K, capacity 41332K, committed 41600K, reserved 1085440K
  class space    used 4794K, capacity 5185K, committed 5248K, reserved 1048576K
GC Heap History (10 events):
Event: 166.193 GC heap after
Heap after GC invocations=9 (full 3):
 PSYoungGen      total 130560K, used 0K [0x000000076cb80000, 0x0000000776b00000, 0x00000007c0000000)
  eden space 125440K, 0% used [0x000000076cb80000,0x000000076cb80000,0x0000000774600000)
  from space 5120K, 0% used [0x0000000776600000,0x0000000776600000,0x0000000776b00000)
  to   space 14848K, 0% used [0x0000000774e00000,0x0000000774e00000,0x0000000775c80000)
 ParOldGen       total 182784K, used 18289K [0x00000006c6200000, 0x00000006d1480000, 0x000000076cb80000)
  object space 182784K, 10% used [0x00000006c6200000,0x00000006c73dc5c8,0x00000006d1480000)
 Metaspace       used 38015K, capacity 39812K, committed 39936K, reserved 1083392K
  class space    used 4746K, capacity 5113K, committed 5120K, reserved 1048576K
}
Event: 215.538 GC heap before
{Heap before GC invocations=10 (full 3):
 PSYoungGen      total 130560K, used 64486K [0x000000076cb80000, 0x0000000776b00000, 0x00000007c0000000)
  eden space 125440K, 51% used [0x000000076cb80000,0x0000000770a79b88,0x0000000774600000)
  from space 5120K, 0% used [0x0000000776600000,0x0000000776600000,0x0000000776b00000)
  to   space 14848K, 0% used [0x0000000774e00000,0x0000000774e00000,0x0000000775c80000)
 ParOldGen       total 182784K, used 18289K [0x00000006c6200000, 0x00000006d1480000, 0x000000076cb80000)
  object space 182784K, 10% used [0x00000006c6200000,0x00000006c73dc5c8,0x00000006d1480000)
 Metaspace       used 38552K, capacity 40460K, committed 40576K, reserved 1085440K
  class space    used 4764K, capacity 5139K, committed 5248K, reserved 1048576K
Event: 215.554 GC heap after
Heap after GC invocations=10 (full 3):
 PSYoungGen      total 128512K, used 2976K [0x000000076cb80000, 0x0000000776680000, 0x00000007c0000000)
  eden space 125440K, 0% used [0x000000076cb80000,0x000000076cb80000,0x0000000774600000)
  from space 3072K, 96% used [0x0000000774e00000,0x00000007750e8348,0x0000000775100000)
  to   space 15360K, 0% used [0x0000000775780000,0x0000000775780000,0x0000000776680000)
 ParOldGen       total 182784K, used 18297K [0x00000006c6200000, 0x00000006d1480000, 0x000000076cb80000)
  object space 182784K, 10% used [0x00000006c6200000,0x00000006c73de5c8,0x00000006d1480000)
 Metaspace       used 38552K, capacity 40460K, committed 40576K, reserved 1085440K
  class space    used 4764K, capacity 5139K, committed 5248K, reserved 1048576K
}
Event: 215.554 GC heap before
{Heap before GC invocations=11 (full 4):
 PSYoungGen      total 128512K, used 2976K [0x000000076cb80000, 0x0000000776680000, 0x00000007c0000000)
  eden space 125440K, 0% used [0x000000076cb80000,0x000000076cb80000,0x0000000774600000)
  from space 3072K, 96% used [0x0000000774e00000,0x00000007750e8348,0x0000000775100000)
  to   space 15360K, 0% used [0x0000000775780000,0x0000000775780000,0x0000000776680000)
 ParOldGen       total 182784K, used 18297K [0x00000006c6200000, 0x00000006d1480000, 0x000000076cb80000)
  object space 182784K, 10% used [0x00000006c6200000,0x00000006c73de5c8,0x00000006d1480000)
 Metaspace       used 38552K, capacity 40460K, committed 40576K, reserved 1085440K
  class space    used 4764K, capacity 5139K, committed 5248K, reserved 1048576K
Event: 216.152 GC heap after
Heap after GC invocations=11 (full 4):
 PSYoungGen      total 128512K, used 0K [0x000000076cb80000, 0x0000000776680000, 0x00000007c0000000)
  eden space 125440K, 0% used [0x000000076cb80000,0x000000076cb80000,0x0000000774600000)
  from space 3072K, 0% used [0x0000000774e00000,0x0000000774e00000,0x0000000775100000)
  to   space 15360K, 0% used [0x0000000775780000,0x0000000775780000,0x0000000776680000)
 ParOldGen       total 182784K, used 18109K [0x00000006c6200000, 0x00000006d1480000, 0x000000076cb80000)
  object space 182784K, 9% used [0x00000006c6200000,0x00000006c73af548,0x00000006d1480000)
 Metaspace       used 38552K, capacity 40460K, committed 40576K, reserved 1085440K
  class space    used 4764K, capacity 5139K, committed 5248K, reserved 1048576K
}
Event: 300.212 GC heap before
{Heap before GC invocations=12 (full 4):
 PSYoungGen      total 128512K, used 69600K [0x000000076cb80000, 0x0000000776680000, 0x00000007c0000000)
  eden space 125440K, 55% used [0x000000076cb80000,0x0000000770f78380,0x0000000774600000)
  from space 3072K, 0% used [0x0000000774e00000,0x0000000774e00000,0x0000000775100000)
  to   space 15360K, 0% used [0x0000000775780000,0x0000000775780000,0x0000000776680000)
 ParOldGen       total 182784K, used 18109K [0x00000006c6200000, 0x00000006d1480000, 0x000000076cb80000)
  object space 182784K, 9% used [0x00000006c6200000,0x00000006c73af548,0x00000006d1480000)
 Metaspace       used 38842K, capacity 40864K, committed 41088K, reserved 1085440K
  class space    used 4775K, capacity 5156K, committed 5248K, reserved 1048576K
Event: 300.223 GC heap after
Heap after GC invocations=12 (full 4):
 PSYoungGen      total 139264K, used 2512K [0x000000076cb80000, 0x0000000776500000, 0x00000007c0000000)
  eden space 125440K, 0% used [0x000000076cb80000,0x000000076cb80000,0x0000000774600000)
  from space 13824K, 18% used [0x0000000775780000,0x00000007759f42f8,0x0000000776500000)
  to   space 15872K, 0% used [0x0000000774600000,0x0000000774600000,0x0000000775580000)
 ParOldGen       total 182784K, used 18109K [0x00000006c6200000, 0x00000006d1480000, 0x000000076cb80000)
  object space 182784K, 9% used [0x00000006c6200000,0x00000006c73af548,0x00000006d1480000)
 Metaspace       used 38842K, capacity 40864K, committed 41088K, reserved 1085440K
  class space    used 4775K, capacity 5156K, committed 5248K, reserved 1048576K
}
Event: 300.223 GC heap before
{Heap before GC invocations=13 (full 5):
 PSYoungGen      total 139264K, used 2512K [0x000000076cb80000, 0x0000000776500000, 0x00000007c0000000)
  eden space 125440K, 0% used [0x000000076cb80000,0x000000076cb80000,0x0000000774600000)
  from space 13824K, 18% used [0x0000000775780000,0x00000007759f42f8,0x0000000776500000)
  to   space 15872K, 0% used [0x0000000774600000,0x0000000774600000,0x0000000775580000)
 ParOldGen       total 182784K, used 18109K [0x00000006c6200000, 0x00000006d1480000, 0x000000076cb80000)
  object space 182784K, 9% used [0x00000006c6200000,0x00000006c73af548,0x00000006d1480000)
 Metaspace       used 38842K, capacity 40864K, committed 41088K, reserved 1085440K
  class space    used 4775K, capacity 5156K, committed 5248K, reserved 1048576K
Event: 300.854 GC heap after
Heap after GC invocations=13 (full 5):
 PSYoungGen      total 139264K, used 0K [0x000000076cb80000, 0x0000000776500000, 0x00000007c0000000)
  eden space 125440K, 0% used [0x000000076cb80000,0x000000076cb80000,0x0000000774600000)
  from space 13824K, 0% used [0x0000000775780000,0x0000000775780000,0x0000000776500000)
  to   space 15872K, 0% used [0x0000000774600000,0x0000000774600000,0x0000000775580000)
 ParOldGen       total 182784K, used 19423K [0x00000006c6200000, 0x00000006d1480000, 0x000000076cb80000)
  object space 182784K, 10% used [0x00000006c6200000,0x00000006c74f7f00,0x00000006d1480000)
 Metaspace       used 38842K, capacity 40864K, committed 41088K, reserved 1085440K
  class space    used 4775K, capacity 5156K, committed 5248K, reserved 1048576K
}
Event: 349.445 GC heap before
{Heap before GC invocations=14 (full 5):
 PSYoungGen      total 139264K, used 67767K [0x000000076cb80000, 0x0000000776500000, 0x00000007c0000000)
  eden space 125440K, 54% used [0x000000076cb80000,0x0000000770dade90,0x0000000774600000)
  from space 13824K, 0% used [0x0000000775780000,0x0000000775780000,0x0000000776500000)
  to   space 15872K, 0% used [0x0000000774600000,0x0000000774600000,0x0000000775580000)
 ParOldGen       total 182784K, used 19423K [0x00000006c6200000, 0x00000006d1480000, 0x000000076cb80000)
  object space 182784K, 10% used [0x00000006c6200000,0x00000006c74f7f00,0x00000006d1480000)
 Metaspace       used 39211K, capacity 41332K, committed 41600K, reserved 1085440K
  class space    used 4794K, capacity 5185K, committed 5248K, reserved 1048576K

